<?xml version="1.0" encoding="UTF-8"?>
<!-- Generated by org.testng.reporters.JUnitReportReporter -->
<testsuite hostname="SANJAY_VICTUS" failures="0" tests="1" name="flipkart.FlipkartTest" time="18.292" errors="0" timestamp="2024-07-28T12:39:11 IST" skipped="0">
  <testcase classname="flipkart.FlipkartTest" name="launchBrowser" time="18.292"/>
  <system-out>
    <![CDATA[ID: 5cd95395de30eff6ebccde56 Total records0 Total Quotes0
ID: 5cd95395de30eff6ebccde57 Total records0 Total Quotes0
ID: 5cd95395de30eff6ebccde58 Total records0 Total Quotes0
ID: 5cd95395de30eff6ebccde59 Total records0 Total Quotes0
ID: 5cd95395de30eff6ebccde5a Total records0 Total Quotes0
ID: 5cd95395de30eff6ebccde5b Total records1009 Total Quotes1000
ID: 5cd95395de30eff6ebccde5c Total records503 Total Quotes503
ID: 5cd95395de30eff6ebccde5d Total records872 Total Quotes872]]>
  </system-out>
</testsuite> <!-- flipkart.FlipkartTest -->
