<?xml version="1.0" encoding="UTF-8"?>
<!-- Generated by org.testng.reporters.JUnitReportReporter -->
<testsuite hostname="SANJAY_VICTUS" failures="0" tests="2" name="tests.DemoTests" time="4.638" errors="0" timestamp="2024-07-26T22:24:02 IST" skipped="0">
  <testcase classname="tests.DemoTests" name="validateLandingPage" time="0.000"/>
  <testcase classname="tests.DemoTests" name="launchBrowser" time="4.638"/>
</testsuite> <!-- tests.DemoTests -->
