<?xml version="1.0" encoding="UTF-8"?>
<!-- Generated by org.testng.reporters.JUnitReportReporter -->
<testsuite hostname="SANJAY_VICTUS" failures="0" tests="1" name="flipkart.FlipkartTest" time="24.790" errors="0" timestamp="2024-07-28T12:34:54 IST" skipped="0">
  <testcase classname="flipkart.FlipkartTest" name="launchBrowser" time="24.790"/>
</testsuite> <!-- flipkart.FlipkartTest -->
